running egg_info
creating build/turtlebot3_controller/turtlebot3_controller.egg-info
writing build/turtlebot3_controller/turtlebot3_controller.egg-info/PKG-INFO
writing dependency_links to build/turtlebot3_controller/turtlebot3_controller.egg-info/dependency_links.txt
writing entry points to build/turtlebot3_controller/turtlebot3_controller.egg-info/entry_points.txt
writing requirements to build/turtlebot3_controller/turtlebot3_controller.egg-info/requires.txt
writing top-level names to build/turtlebot3_controller/turtlebot3_controller.egg-info/top_level.txt
writing manifest file 'build/turtlebot3_controller/turtlebot3_controller.egg-info/SOURCES.txt'
reading manifest file 'build/turtlebot3_controller/turtlebot3_controller.egg-info/SOURCES.txt'
writing manifest file 'build/turtlebot3_controller/turtlebot3_controller.egg-info/SOURCES.txt'
running build
running build_py
creating /home/ta/turtlebot3_ws/src/turtlebot3_controller/build/turtlebot3_controller/build
creating /home/ta/turtlebot3_ws/src/turtlebot3_controller/build/turtlebot3_controller/build/lib
creating /home/ta/turtlebot3_ws/src/turtlebot3_controller/build/turtlebot3_controller/build/lib/turtlebot3_controller
copying turtlebot3_controller/__init__.py -> /home/ta/turtlebot3_ws/src/turtlebot3_controller/build/turtlebot3_controller/build/lib/turtlebot3_controller
copying turtlebot3_controller/controller.py -> /home/ta/turtlebot3_ws/src/turtlebot3_controller/build/turtlebot3_controller/build/lib/turtlebot3_controller
running install
running install_lib
creating /home/ta/turtlebot3_ws/src/turtlebot3_controller/install/turtlebot3_controller/lib/python3.10/site-packages/turtlebot3_controller
copying /home/ta/turtlebot3_ws/src/turtlebot3_controller/build/turtlebot3_controller/build/lib/turtlebot3_controller/__init__.py -> /home/ta/turtlebot3_ws/src/turtlebot3_controller/install/turtlebot3_controller/lib/python3.10/site-packages/turtlebot3_controller
copying /home/ta/turtlebot3_ws/src/turtlebot3_controller/build/turtlebot3_controller/build/lib/turtlebot3_controller/controller.py -> /home/ta/turtlebot3_ws/src/turtlebot3_controller/install/turtlebot3_controller/lib/python3.10/site-packages/turtlebot3_controller
byte-compiling /home/ta/turtlebot3_ws/src/turtlebot3_controller/install/turtlebot3_controller/lib/python3.10/site-packages/turtlebot3_controller/__init__.py to __init__.cpython-310.pyc
byte-compiling /home/ta/turtlebot3_ws/src/turtlebot3_controller/install/turtlebot3_controller/lib/python3.10/site-packages/turtlebot3_controller/controller.py to controller.cpython-310.pyc
running install_data
creating /home/ta/turtlebot3_ws/src/turtlebot3_controller/install/turtlebot3_controller/share/ament_index
creating /home/ta/turtlebot3_ws/src/turtlebot3_controller/install/turtlebot3_controller/share/ament_index/resource_index
creating /home/ta/turtlebot3_ws/src/turtlebot3_controller/install/turtlebot3_controller/share/ament_index/resource_index/packages
copying resource/turtlebot3_controller -> /home/ta/turtlebot3_ws/src/turtlebot3_controller/install/turtlebot3_controller/share/ament_index/resource_index/packages
copying package.xml -> /home/ta/turtlebot3_ws/src/turtlebot3_controller/install/turtlebot3_controller/share/turtlebot3_controller
running install_egg_info
Copying build/turtlebot3_controller/turtlebot3_controller.egg-info to /home/ta/turtlebot3_ws/src/turtlebot3_controller/install/turtlebot3_controller/lib/python3.10/site-packages/turtlebot3_controller-0.0.1-py3.10.egg-info
running install_scripts
Installing controller script to /home/ta/turtlebot3_ws/src/turtlebot3_controller/install/turtlebot3_controller/lib/turtlebot3_controller
writing list of installed files to '/home/ta/turtlebot3_ws/src/turtlebot3_controller/build/turtlebot3_controller/install.log'
