[0.353s] Invoking command in '/home/ta/turtlebot3_ws/src/turtlebot3_controller': PYTHONPATH=/home/ta/turtlebot3_ws/src/turtlebot3_controller/build/turtlebot3_controller/prefix_override:/usr/lib/python3/dist-packages/colcon_core/task/python/colcon_distutils_commands:/home/ta/turtlebot3_ws/src/turtlebot3_controller/install/turtlebot3_controller/lib/python3.10/site-packages:${PYTHONPATH} /usr/bin/python3 -W ignore:setup.py install is deprecated setup.py egg_info --egg-base build/turtlebot3_controller build --build-base /home/ta/turtlebot3_ws/src/turtlebot3_controller/build/turtlebot3_controller/build install --record /home/ta/turtlebot3_ws/src/turtlebot3_controller/build/turtlebot3_controller/install.log --single-version-externally-managed install_data
[0.475s] running egg_info
[0.475s] creating build/turtlebot3_controller/turtlebot3_controller.egg-info
[0.475s] writing build/turtlebot3_controller/turtlebot3_controller.egg-info/PKG-INFO
[0.476s] writing dependency_links to build/turtlebot3_controller/turtlebot3_controller.egg-info/dependency_links.txt
[0.476s] writing entry points to build/turtlebot3_controller/turtlebot3_controller.egg-info/entry_points.txt
[0.476s] writing requirements to build/turtlebot3_controller/turtlebot3_controller.egg-info/requires.txt
[0.476s] writing top-level names to build/turtlebot3_controller/turtlebot3_controller.egg-info/top_level.txt
[0.476s] writing manifest file 'build/turtlebot3_controller/turtlebot3_controller.egg-info/SOURCES.txt'
[0.476s] reading manifest file 'build/turtlebot3_controller/turtlebot3_controller.egg-info/SOURCES.txt'
[0.477s] writing manifest file 'build/turtlebot3_controller/turtlebot3_controller.egg-info/SOURCES.txt'
[0.477s] running build
[0.477s] running build_py
[0.477s] creating /home/ta/turtlebot3_ws/src/turtlebot3_controller/build/turtlebot3_controller/build
[0.477s] creating /home/ta/turtlebot3_ws/src/turtlebot3_controller/build/turtlebot3_controller/build/lib
[0.477s] creating /home/ta/turtlebot3_ws/src/turtlebot3_controller/build/turtlebot3_controller/build/lib/turtlebot3_controller
[0.477s] copying turtlebot3_controller/__init__.py -> /home/ta/turtlebot3_ws/src/turtlebot3_controller/build/turtlebot3_controller/build/lib/turtlebot3_controller
[0.477s] copying turtlebot3_controller/controller.py -> /home/ta/turtlebot3_ws/src/turtlebot3_controller/build/turtlebot3_controller/build/lib/turtlebot3_controller
[0.477s] running install
[0.479s] running install_lib
[0.479s] creating /home/ta/turtlebot3_ws/src/turtlebot3_controller/install/turtlebot3_controller/lib/python3.10/site-packages/turtlebot3_controller
[0.479s] copying /home/ta/turtlebot3_ws/src/turtlebot3_controller/build/turtlebot3_controller/build/lib/turtlebot3_controller/__init__.py -> /home/ta/turtlebot3_ws/src/turtlebot3_controller/install/turtlebot3_controller/lib/python3.10/site-packages/turtlebot3_controller
[0.479s] copying /home/ta/turtlebot3_ws/src/turtlebot3_controller/build/turtlebot3_controller/build/lib/turtlebot3_controller/controller.py -> /home/ta/turtlebot3_ws/src/turtlebot3_controller/install/turtlebot3_controller/lib/python3.10/site-packages/turtlebot3_controller
[0.479s] byte-compiling /home/ta/turtlebot3_ws/src/turtlebot3_controller/install/turtlebot3_controller/lib/python3.10/site-packages/turtlebot3_controller/__init__.py to __init__.cpython-310.pyc
[0.479s] byte-compiling /home/ta/turtlebot3_ws/src/turtlebot3_controller/install/turtlebot3_controller/lib/python3.10/site-packages/turtlebot3_controller/controller.py to controller.cpython-310.pyc
[0.479s] running install_data
[0.479s] creating /home/ta/turtlebot3_ws/src/turtlebot3_controller/install/turtlebot3_controller/share/ament_index
[0.479s] creating /home/ta/turtlebot3_ws/src/turtlebot3_controller/install/turtlebot3_controller/share/ament_index/resource_index
[0.479s] creating /home/ta/turtlebot3_ws/src/turtlebot3_controller/install/turtlebot3_controller/share/ament_index/resource_index/packages
[0.479s] copying resource/turtlebot3_controller -> /home/ta/turtlebot3_ws/src/turtlebot3_controller/install/turtlebot3_controller/share/ament_index/resource_index/packages
[0.479s] copying package.xml -> /home/ta/turtlebot3_ws/src/turtlebot3_controller/install/turtlebot3_controller/share/turtlebot3_controller
[0.479s] running install_egg_info
[0.480s] Copying build/turtlebot3_controller/turtlebot3_controller.egg-info to /home/ta/turtlebot3_ws/src/turtlebot3_controller/install/turtlebot3_controller/lib/python3.10/site-packages/turtlebot3_controller-0.0.1-py3.10.egg-info
[0.480s] running install_scripts
[0.491s] Installing controller script to /home/ta/turtlebot3_ws/src/turtlebot3_controller/install/turtlebot3_controller/lib/turtlebot3_controller
[0.492s] writing list of installed files to '/home/ta/turtlebot3_ws/src/turtlebot3_controller/build/turtlebot3_controller/install.log'
[0.503s] Invoked command in '/home/ta/turtlebot3_ws/src/turtlebot3_controller' returned '0': PYTHONPATH=/home/ta/turtlebot3_ws/src/turtlebot3_controller/build/turtlebot3_controller/prefix_override:/usr/lib/python3/dist-packages/colcon_core/task/python/colcon_distutils_commands:/home/ta/turtlebot3_ws/src/turtlebot3_controller/install/turtlebot3_controller/lib/python3.10/site-packages:${PYTHONPATH} /usr/bin/python3 -W ignore:setup.py install is deprecated setup.py egg_info --egg-base build/turtlebot3_controller build --build-base /home/ta/turtlebot3_ws/src/turtlebot3_controller/build/turtlebot3_controller/build install --record /home/ta/turtlebot3_ws/src/turtlebot3_controller/build/turtlebot3_controller/install.log --single-version-externally-managed install_data
