[0.332s] Invoking command in '/home/ta/turtlebot3_ws/src/turtlebot3_controller/build/turtlebot3_controller': PYTHONPATH=/home/ta/turtlebot3_ws/src/turtlebot3_controller/build/turtlebot3_controller/prefix_override:/usr/lib/python3/dist-packages/colcon_core/task/python/colcon_distutils_commands:/home/ta/turtlebot3_ws/src/turtlebot3_controller/install/turtlebot3_controller/lib/python3.10/site-packages:${PYTHONPATH} /usr/bin/python3 -W ignore:setup.py install is deprecated setup.py develop --editable --build-directory /home/ta/turtlebot3_ws/src/turtlebot3_controller/build/turtlebot3_controller/build --no-deps symlink_data --force
[0.478s] /usr/lib/python3/dist-packages/setuptools/command/easy_install.py:158: EasyInstallDeprecationWarning: easy_install command is deprecated. Use build and pip and other standards-based tools.
[0.478s]   warnings.warn(
[0.478s] running develop
[0.582s] running egg_info
[0.582s] writing turtlebot3_controller.egg-info/PKG-INFO
[0.582s] writing dependency_links to turtlebot3_controller.egg-info/dependency_links.txt
[0.582s] writing entry points to turtlebot3_controller.egg-info/entry_points.txt
[0.582s] writing requirements to turtlebot3_controller.egg-info/requires.txt
[0.582s] writing top-level names to turtlebot3_controller.egg-info/top_level.txt
[0.584s] reading manifest file 'turtlebot3_controller.egg-info/SOURCES.txt'
[0.584s] writing manifest file 'turtlebot3_controller.egg-info/SOURCES.txt'
[0.586s] running build_ext
[0.586s] Creating /home/ta/turtlebot3_ws/src/turtlebot3_controller/install/turtlebot3_controller/lib/python3.10/site-packages/turtlebot3-controller.egg-link (link to .)
[0.586s] Installing controller script to /home/ta/turtlebot3_ws/src/turtlebot3_controller/install/turtlebot3_controller/lib/turtlebot3_controller
[0.586s] 
[0.586s] Installed /home/ta/turtlebot3_ws/src/turtlebot3_controller/build/turtlebot3_controller
[0.586s] running symlink_data
[0.586s] symbolically linking /home/ta/turtlebot3_ws/src/turtlebot3_controller/build/turtlebot3_controller/resource/turtlebot3_controller -> /home/ta/turtlebot3_ws/src/turtlebot3_controller/install/turtlebot3_controller/share/ament_index/resource_index/packages
[0.586s] symbolically linking /home/ta/turtlebot3_ws/src/turtlebot3_controller/build/turtlebot3_controller/package.xml -> /home/ta/turtlebot3_ws/src/turtlebot3_controller/install/turtlebot3_controller/share/turtlebot3_controller
[0.600s] Invoked command in '/home/ta/turtlebot3_ws/src/turtlebot3_controller/build/turtlebot3_controller' returned '0': PYTHONPATH=/home/ta/turtlebot3_ws/src/turtlebot3_controller/build/turtlebot3_controller/prefix_override:/usr/lib/python3/dist-packages/colcon_core/task/python/colcon_distutils_commands:/home/ta/turtlebot3_ws/src/turtlebot3_controller/install/turtlebot3_controller/lib/python3.10/site-packages:${PYTHONPATH} /usr/bin/python3 -W ignore:setup.py install is deprecated setup.py develop --editable --build-directory /home/ta/turtlebot3_ws/src/turtlebot3_controller/build/turtlebot3_controller/build --no-deps symlink_data --force
